  main.cpp
C:\Projects\C++\VulkanTutorial\main.cpp(57,8): warning C4100: 'pUserData': unreferenced formal parameter
C:\Projects\C++\VulkanTutorial\main.cpp(55,34): warning C4100: 'messageType': unreferenced formal parameter
C:\Projects\C++\VulkanTutorial\main.cpp(54,41): warning C4100: 'messageSeverity': unreferenced formal parameter
C:\Projects\C++\VulkanTutorial\main.cpp(370,39): warning C4267: 'argument': conversion from 'size_t' to '_Ty', possible loss of data
C:\Projects\C++\VulkanTutorial\main.cpp(370,39): warning C4267:         with
C:\Projects\C++\VulkanTutorial\main.cpp(370,39): warning C4267:         [
C:\Projects\C++\VulkanTutorial\main.cpp(370,39): warning C4267:             _Ty=unsigned int
C:\Projects\C++\VulkanTutorial\main.cpp(370,39): warning C4267:         ]
C:\Projects\C++\VulkanTutorial\main.cpp(753,60): warning C4267: 'argument': conversion from 'size_t' to 'uint32_t', possible loss of data
C:\Projects\C++\VulkanTutorial\main.cpp(1137,57): warning C4267: '=': conversion from 'size_t' to 'uint32_t', possible loss of data
C:\Projects\C++\VulkanTutorial\main.cpp(1312,79): warning C4267: '=': conversion from 'size_t' to 'uint32_t', possible loss of data
C:\Projects\C++\VulkanTutorial\main.cpp(1712,33): warning C4127: conditional expression is constant
      C:\Projects\C++\VulkanTutorial\main.cpp(1712,33):
      consider using 'if constexpr' statement instead
  
C:\Projects\C++\VulkanTutorial\main.cpp(1992,74): warning C4100: 'height': unreferenced formal parameter
C:\Projects\C++\VulkanTutorial\main.cpp(1992,63): warning C4100: 'width': unreferenced formal parameter
  Generating code
  Previous IPDB and IOBJ mismatch, fall back to full compilation.
  All 2984 functions were compiled because no usable IPDB/IOBJ from previous compilation was found.
  Finished generating code
  VulkanTutorial.vcxproj -> C:\Projects\C++\VulkanTutorial\x64\Release\VulkanTutorial.exe
  'pwsh.exe' is not recognized as an internal or external command,
  operable program or batch file.
